2019-02-05 04:04:30,030 ERROR [org.springframework.extensions.webscripts.AbstractRuntime] [http-bio-8080-exec-22] Exception from executeScript - redirecting to status template error: 01050006 Cannot locate template processor for template org/alfresco/repository/solr/aclChangeSets.get.json
org.springframework.extensions.webscripts.WebScriptException: 01050006 Cannot locate template processor for template org/alfresco/repository/solr/aclChangeSets.get.json
	at org.springframework.extensions.webscripts.AbstractWebScript.renderTemplate(AbstractWebScript.java:975)
	at org.springframework.extensions.webscripts.DeclarativeWebScript.renderFormatTemplate(DeclarativeWebScript.java:267)
	at org.springframework.extensions.webscripts.DeclarativeWebScript.execute(DeclarativeWebScript.java:147)
	at org.alfresco.repo.web.scripts.RepositoryContainer$3.execute(RepositoryContainer.java:512)
	at org.alfresco.repo.transaction.RetryingTransactionHelper.doInTransaction(RetryingTransactionHelper.java:464)
	at org.alfresco.repo.web.scripts.RepositoryContainer.transactionedExecute(RepositoryContainer.java:587)
	at org.alfresco.repo.web.scripts.RepositoryContainer.transactionedExecuteAs(RepositoryContainer.java:656)
	at org.alfresco.repo.web.scripts.RepositoryContainer.executeScriptInternal(RepositoryContainer.java:355)
	at org.alfresco.repo.web.scripts.RepositoryContainer.executeScript(RepositoryContainer.java:308)
	at org.springframework.extensions.webscripts.AbstractRuntime.executeScript(AbstractRuntime.java:382)
	at org.springframework.extensions.webscripts.AbstractRuntime.executeScript(AbstractRuntime.java:210)
	at org.springframework.extensions.webscripts.servlet.WebScriptServlet.service(WebScriptServlet.java:132)
	at javax.servlet.http.HttpServlet.service(HttpServlet.java:728)
	at org.apache.catalina.core.ApplicationFilterChain.internalDoFilter(ApplicationFilterChain.java:305)
	at org.apache.catalina.core.ApplicationFilterChain.doFilter(ApplicationFilterChain.java:210)
	at org.apache.tomcat.websocket.server.WsFilter.doFilter(WsFilter.java:51)
	at org.apache.catalina.core.ApplicationFilterChain.internalDoFilter(ApplicationFilterChain.java:243)
	at org.apache.catalina.core.ApplicationFilterChain.doFilter(ApplicationFilterChain.java:210)
	at org.alfresco.web.scripts.servlet.X509ServletFilterBase.doFilter(X509ServletFilterBase.java:187)
	at org.apache.catalina.core.ApplicationFilterChain.internalDoFilter(ApplicationFilterChain.java:243)
	at org.apache.catalina.core.ApplicationFilterChain.doFilter(ApplicationFilterChain.java:210)
	at org.alfresco.web.app.servlet.GlobalLocalizationFilter.doFilter(GlobalLocalizationFilter.java:68)
	at org.apache.catalina.core.ApplicationFilterChain.internalDoFilter(ApplicationFilterChain.java:243)
	at org.apache.catalina.core.ApplicationFilterChain.doFilter(ApplicationFilterChain.java:210)
	at org.apache.catalina.core.StandardWrapperValve.invoke(StandardWrapperValve.java:222)
	at org.apache.catalina.core.StandardContextValve.invoke(StandardContextValve.java:123)
	at org.apache.catalina.authenticator.AuthenticatorBase.invoke(AuthenticatorBase.java:502)
	at org.apache.catalina.core.StandardHostValve.invoke(StandardHostValve.java:171)
	at org.apache.catalina.valves.ErrorReportValve.invoke(ErrorReportValve.java:100)
	at org.apache.catalina.valves.AccessLogValve.invoke(AccessLogValve.java:953)
	at org.apache.catalina.core.StandardEngineValve.invoke(StandardEngineValve.java:118)
	at org.apache.catalina.connector.CoyoteAdapter.service(CoyoteAdapter.java:408)
	at org.apache.coyote.http11.AbstractHttp11Processor.process(AbstractHttp11Processor.java:1041)
	at org.apache.coyote.AbstractProtocol$AbstractConnectionHandler.process(AbstractProtocol.java:603)
	at org.apache.tomcat.util.net.JIoEndpoint$SocketProcessor.run(JIoEndpoint.java:312)
	at java.util.concurrent.ThreadPoolExecutor.runWorker(ThreadPoolExecutor.java:1142)
	at java.util.concurrent.ThreadPoolExecutor$Worker.run(ThreadPoolExecutor.java:617)
	at java.lang.Thread.run(Thread.java:745)
2019-02-05 04:04:30,035 ERROR [org.springframework.extensions.webscripts.AbstractRuntime] [http-bio-8080-exec-26] Exception from executeScript - redirecting to status template error: 01050003 Cannot locate template processor for template org/alfresco/repository/solr/aclChangeSets.get.json
org.springframework.extensions.webscripts.WebScriptException: 01050003 Cannot locate template processor for template org/alfresco/repository/solr/aclChangeSets.get.json
	at org.springframework.extensions.webscripts.AbstractWebScript.renderTemplate(AbstractWebScript.java:975)
	at org.springframework.extensions.webscripts.DeclarativeWebScript.renderFormatTemplate(DeclarativeWebScript.java:267)
	at org.springframework.extensions.webscripts.DeclarativeWebScript.execute(DeclarativeWebScript.java:147)
	at org.alfresco.repo.web.scripts.RepositoryContainer$3.execute(RepositoryContainer.java:512)
	at org.alfresco.repo.transaction.RetryingTransactionHelper.doInTransaction(RetryingTransactionHelper.java:464)
	at org.alfresco.repo.web.scripts.RepositoryContainer.transactionedExecute(RepositoryContainer.java:587)
	at org.alfresco.repo.web.scripts.RepositoryContainer.transactionedExecuteAs(RepositoryContainer.java:656)
	at org.alfresco.repo.web.scripts.RepositoryContainer.executeScriptInternal(RepositoryContainer.java:355)
	at org.alfresco.repo.web.scripts.RepositoryContainer.executeScript(RepositoryContainer.java:308)
	at org.springframework.extensions.webscripts.AbstractRuntime.executeScript(AbstractRuntime.java:382)
	at org.springframework.extensions.webscripts.AbstractRuntime.executeScript(AbstractRuntime.java:210)
	at org.springframework.extensions.webscripts.servlet.WebScriptServlet.service(WebScriptServlet.java:132)
	at javax.servlet.http.HttpServlet.service(HttpServlet.java:728)
	at org.apache.catalina.core.ApplicationFilterChain.internalDoFilter(ApplicationFilterChain.java:305)
	at org.apache.catalina.core.ApplicationFilterChain.doFilter(ApplicationFilterChain.java:210)
	at org.apache.tomcat.websocket.server.WsFilter.doFilter(WsFilter.java:51)
	at org.apache.catalina.core.ApplicationFilterChain.internalDoFilter(ApplicationFilterChain.java:243)
	at org.apache.catalina.core.ApplicationFilterChain.doFilter(ApplicationFilterChain.java:210)
	at org.alfresco.web.scripts.servlet.X509ServletFilterBase.doFilter(X509ServletFilterBase.java:187)
	at org.apache.catalina.core.ApplicationFilterChain.internalDoFilter(ApplicationFilterChain.java:243)
	at org.apache.catalina.core.ApplicationFilterChain.doFilter(ApplicationFilterChain.java:210)
	at org.alfresco.web.app.servlet.GlobalLocalizationFilter.doFilter(GlobalLocalizationFilter.java:68)
	at org.apache.catalina.core.ApplicationFilterChain.internalDoFilter(ApplicationFilterChain.java:243)
	at org.apache.catalina.core.ApplicationFilterChain.doFilter(ApplicationFilterChain.java:210)
	at org.apache.catalina.core.StandardWrapperValve.invoke(StandardWrapperValve.java:222)
	at org.apache.catalina.core.StandardContextValve.invoke(StandardContextValve.java:123)
	at org.apache.catalina.authenticator.AuthenticatorBase.invoke(AuthenticatorBase.java:502)
	at org.apache.catalina.core.StandardHostValve.invoke(StandardHostValve.java:171)
	at org.apache.catalina.valves.ErrorReportValve.invoke(ErrorReportValve.java:100)
	at org.apache.catalina.valves.AccessLogValve.invoke(AccessLogValve.java:953)
	at org.apache.catalina.core.StandardEngineValve.invoke(StandardEngineValve.java:118)
	at org.apache.catalina.connector.CoyoteAdapter.service(CoyoteAdapter.java:408)
	at org.apache.coyote.http11.AbstractHttp11Processor.process(AbstractHttp11Processor.java:1041)
	at org.apache.coyote.AbstractProtocol$AbstractConnectionHandler.process(AbstractProtocol.java:603)
	at org.apache.tomcat.util.net.JIoEndpoint$SocketProcessor.run(JIoEndpoint.java:312)
	at java.util.concurrent.ThreadPoolExecutor.runWorker(ThreadPoolExecutor.java:1142)
	at java.util.concurrent.ThreadPoolExecutor$Worker.run(ThreadPoolExecutor.java:617)
	at java.lang.Thread.run(Thread.java:745)
2019-02-05 04:04:30,035 ERROR [org.springframework.extensions.webscripts.AbstractRuntime] [http-bio-8080-exec-17] Exception from executeScript - redirecting to status template error: 01050004 Cannot locate template processor for template org/alfresco/repository/solr/transactions.get.json
org.springframework.extensions.webscripts.WebScriptException: 01050004 Cannot locate template processor for template org/alfresco/repository/solr/transactions.get.json
	at org.springframework.extensions.webscripts.AbstractWebScript.renderTemplate(AbstractWebScript.java:975)
	at org.springframework.extensions.webscripts.DeclarativeWebScript.renderFormatTemplate(DeclarativeWebScript.java:267)
	at org.springframework.extensions.webscripts.DeclarativeWebScript.execute(DeclarativeWebScript.java:147)
	at org.alfresco.repo.web.scripts.RepositoryContainer$3.execute(RepositoryContainer.java:512)
	at org.alfresco.repo.transaction.RetryingTransactionHelper.doInTransaction(RetryingTransactionHelper.java:464)
	at org.alfresco.repo.web.scripts.RepositoryContainer.transactionedExecute(RepositoryContainer.java:587)
	at org.alfresco.repo.web.scripts.RepositoryContainer.transactionedExecuteAs(RepositoryContainer.java:656)
	at org.alfresco.repo.web.scripts.RepositoryContainer.executeScriptInternal(RepositoryContainer.java:355)
	at org.alfresco.repo.web.scripts.RepositoryContainer.executeScript(RepositoryContainer.java:308)
	at org.springframework.extensions.webscripts.AbstractRuntime.executeScript(AbstractRuntime.java:382)
	at org.springframework.extensions.webscripts.AbstractRuntime.executeScript(AbstractRuntime.java:210)
	at org.springframework.extensions.webscripts.servlet.WebScriptServlet.service(WebScriptServlet.java:132)
	at javax.servlet.http.HttpServlet.service(HttpServlet.java:728)
	at org.apache.catalina.core.ApplicationFilterChain.internalDoFilter(ApplicationFilterChain.java:305)
	at org.apache.catalina.core.ApplicationFilterChain.doFilter(ApplicationFilterChain.java:210)
	at org.apache.tomcat.websocket.server.WsFilter.doFilter(WsFilter.java:51)
	at org.apache.catalina.core.ApplicationFilterChain.internalDoFilter(ApplicationFilterChain.java:243)
	at org.apache.catalina.core.ApplicationFilterChain.doFilter(ApplicationFilterChain.java:210)
	at org.alfresco.web.scripts.servlet.X509ServletFilterBase.doFilter(X509ServletFilterBase.java:187)
	at org.apache.catalina.core.ApplicationFilterChain.internalDoFilter(ApplicationFilterChain.java:243)
	at org.apache.catalina.core.ApplicationFilterChain.doFilter(ApplicationFilterChain.java:210)
	at org.alfresco.web.app.servlet.GlobalLocalizationFilter.doFilter(GlobalLocalizationFilter.java:68)
	at org.apache.catalina.core.ApplicationFilterChain.internalDoFilter(ApplicationFilterChain.java:243)
	at org.apache.catalina.core.ApplicationFilterChain.doFilter(ApplicationFilterChain.java:210)
	at org.apache.catalina.core.StandardWrapperValve.invoke(StandardWrapperValve.java:222)
	at org.apache.catalina.core.StandardContextValve.invoke(StandardContextValve.java:123)
	at org.apache.catalina.authenticator.AuthenticatorBase.invoke(AuthenticatorBase.java:502)
	at org.apache.catalina.core.StandardHostValve.invoke(StandardHostValve.java:171)
	at org.apache.catalina.valves.ErrorReportValve.invoke(ErrorReportValve.java:100)
	at org.apache.catalina.valves.AccessLogValve.invoke(AccessLogValve.java:953)
	at org.apache.catalina.core.StandardEngineValve.invoke(StandardEngineValve.java:118)
	at org.apache.catalina.connector.CoyoteAdapter.service(CoyoteAdapter.java:408)
	at org.apache.coyote.http11.AbstractHttp11Processor.process(AbstractHttp11Processor.java:1041)
	at org.apache.coyote.AbstractProtocol$AbstractConnectionHandler.process(AbstractProtocol.java:603)
	at org.apache.tomcat.util.net.JIoEndpoint$SocketProcessor.run(JIoEndpoint.java:312)
	at java.util.concurrent.ThreadPoolExecutor.runWorker(ThreadPoolExecutor.java:1142)
	at java.util.concurrent.ThreadPoolExecutor$Worker.run(ThreadPoolExecutor.java:617)
	at java.lang.Thread.run(Thread.java:745)
2019-02-05 04:04:30,034 ERROR [org.springframework.extensions.webscripts.AbstractRuntime] [http-bio-8080-exec-14] Exception from executeScript - redirecting to status template error: 01050005 Cannot locate template processor for template org/alfresco/repository/solr/transactions.get.json
org.springframework.extensions.webscripts.WebScriptException: 01050005 Cannot locate template processor for template org/alfresco/repository/solr/transactions.get.json
	at org.springframework.extensions.webscripts.AbstractWebScript.renderTemplate(AbstractWebScript.java:975)
	at org.springframework.extensions.webscripts.DeclarativeWebScript.renderFormatTemplate(DeclarativeWebScript.java:267)
	at org.springframework.extensions.webscripts.DeclarativeWebScript.execute(DeclarativeWebScript.java:147)
	at org.alfresco.repo.web.scripts.RepositoryContainer$3.execute(RepositoryContainer.java:512)
	at org.alfresco.repo.transaction.RetryingTransactionHelper.doInTransaction(RetryingTransactionHelper.java:464)
	at org.alfresco.repo.web.scripts.RepositoryContainer.transactionedExecute(RepositoryContainer.java:587)
	at org.alfresco.repo.web.scripts.RepositoryContainer.transactionedExecuteAs(RepositoryContainer.java:656)
	at org.alfresco.repo.web.scripts.RepositoryContainer.executeScriptInternal(RepositoryContainer.java:355)
	at org.alfresco.repo.web.scripts.RepositoryContainer.executeScript(RepositoryContainer.java:308)
	at org.springframework.extensions.webscripts.AbstractRuntime.executeScript(AbstractRuntime.java:382)
	at org.springframework.extensions.webscripts.AbstractRuntime.executeScript(AbstractRuntime.java:210)
	at org.springframework.extensions.webscripts.servlet.WebScriptServlet.service(WebScriptServlet.java:132)
	at javax.servlet.http.HttpServlet.service(HttpServlet.java:728)
	at org.apache.catalina.core.ApplicationFilterChain.internalDoFilter(ApplicationFilterChain.java:305)
	at org.apache.catalina.core.ApplicationFilterChain.doFilter(ApplicationFilterChain.java:210)
	at org.apache.tomcat.websocket.server.WsFilter.doFilter(WsFilter.java:51)
	at org.apache.catalina.core.ApplicationFilterChain.internalDoFilter(ApplicationFilterChain.java:243)
	at org.apache.catalina.core.ApplicationFilterChain.doFilter(ApplicationFilterChain.java:210)
	at org.alfresco.web.scripts.servlet.X509ServletFilterBase.doFilter(X509ServletFilterBase.java:187)
	at org.apache.catalina.core.ApplicationFilterChain.internalDoFilter(ApplicationFilterChain.java:243)
	at org.apache.catalina.core.ApplicationFilterChain.doFilter(ApplicationFilterChain.java:210)
	at org.alfresco.web.app.servlet.GlobalLocalizationFilter.doFilter(GlobalLocalizationFilter.java:68)
	at org.apache.catalina.core.ApplicationFilterChain.internalDoFilter(ApplicationFilterChain.java:243)
	at org.apache.catalina.core.ApplicationFilterChain.doFilter(ApplicationFilterChain.java:210)
	at org.apache.catalina.core.StandardWrapperValve.invoke(StandardWrapperValve.java:222)
	at org.apache.catalina.core.StandardContextValve.invoke(StandardContextValve.java:123)
	at org.apache.catalina.authenticator.AuthenticatorBase.invoke(AuthenticatorBase.java:502)
	at org.apache.catalina.core.StandardHostValve.invoke(StandardHostValve.java:171)
	at org.apache.catalina.valves.ErrorReportValve.invoke(ErrorReportValve.java:100)
	at org.apache.catalina.valves.AccessLogValve.invoke(AccessLogValve.java:953)
	at org.apache.catalina.core.StandardEngineValve.invoke(StandardEngineValve.java:118)
	at org.apache.catalina.connector.CoyoteAdapter.service(CoyoteAdapter.java:408)
	at org.apache.coyote.http11.AbstractHttp11Processor.process(AbstractHttp11Processor.java:1041)
	at org.apache.coyote.AbstractProtocol$AbstractConnectionHandler.process(AbstractProtocol.java:603)
	at org.apache.tomcat.util.net.JIoEndpoint$SocketProcessor.run(JIoEndpoint.java:312)
	at java.util.concurrent.ThreadPoolExecutor.runWorker(ThreadPoolExecutor.java:1142)
	at java.util.concurrent.ThreadPoolExecutor$Worker.run(ThreadPoolExecutor.java:617)
	at java.lang.Thread.run(Thread.java:745)
2019-02-05 04:04:30,030 ERROR [org.springframework.extensions.webscripts.AbstractRuntime] [http-bio-8080-exec-12] Exception from executeScript - redirecting to status template error: 01050007 Cannot locate template processor for template org/alfresco/repository/solr/modelsdiff.post.json
org.springframework.extensions.webscripts.WebScriptException: 01050007 Cannot locate template processor for template org/alfresco/repository/solr/modelsdiff.post.json
	at org.springframework.extensions.webscripts.AbstractWebScript.renderTemplate(AbstractWebScript.java:975)
	at org.springframework.extensions.webscripts.DeclarativeWebScript.renderFormatTemplate(DeclarativeWebScript.java:267)
	at org.springframework.extensions.webscripts.DeclarativeWebScript.execute(DeclarativeWebScript.java:147)
	at org.alfresco.repo.web.scripts.RepositoryContainer$3.execute(RepositoryContainer.java:512)
	at org.alfresco.repo.transaction.RetryingTransactionHelper.doInTransaction(RetryingTransactionHelper.java:464)
	at org.alfresco.repo.web.scripts.RepositoryContainer.transactionedExecute(RepositoryContainer.java:587)
	at org.alfresco.repo.web.scripts.RepositoryContainer.transactionedExecuteAs(RepositoryContainer.java:656)
	at org.alfresco.repo.web.scripts.RepositoryContainer.executeScriptInternal(RepositoryContainer.java:355)
	at org.alfresco.repo.web.scripts.RepositoryContainer.executeScript(RepositoryContainer.java:308)
	at org.springframework.extensions.webscripts.AbstractRuntime.executeScript(AbstractRuntime.java:382)
	at org.springframework.extensions.webscripts.AbstractRuntime.executeScript(AbstractRuntime.java:210)
	at org.springframework.extensions.webscripts.servlet.WebScriptServlet.service(WebScriptServlet.java:132)
	at javax.servlet.http.HttpServlet.service(HttpServlet.java:728)
	at org.apache.catalina.core.ApplicationFilterChain.internalDoFilter(ApplicationFilterChain.java:305)
	at org.apache.catalina.core.ApplicationFilterChain.doFilter(ApplicationFilterChain.java:210)
	at org.apache.tomcat.websocket.server.WsFilter.doFilter(WsFilter.java:51)
	at org.apache.catalina.core.ApplicationFilterChain.internalDoFilter(ApplicationFilterChain.java:243)
	at org.apache.catalina.core.ApplicationFilterChain.doFilter(ApplicationFilterChain.java:210)
	at org.alfresco.web.scripts.servlet.X509ServletFilterBase.doFilter(X509ServletFilterBase.java:187)
	at org.apache.catalina.core.ApplicationFilterChain.internalDoFilter(ApplicationFilterChain.java:243)
	at org.apache.catalina.core.ApplicationFilterChain.doFilter(ApplicationFilterChain.java:210)
	at org.alfresco.web.app.servlet.GlobalLocalizationFilter.doFilter(GlobalLocalizationFilter.java:68)
	at org.apache.catalina.core.ApplicationFilterChain.internalDoFilter(ApplicationFilterChain.java:243)
	at org.apache.catalina.core.ApplicationFilterChain.doFilter(ApplicationFilterChain.java:210)
	at org.apache.catalina.core.StandardWrapperValve.invoke(StandardWrapperValve.java:222)
	at org.apache.catalina.core.StandardContextValve.invoke(StandardContextValve.java:123)
	at org.apache.catalina.authenticator.AuthenticatorBase.invoke(AuthenticatorBase.java:502)
	at org.apache.catalina.core.StandardHostValve.invoke(StandardHostValve.java:171)
	at org.apache.catalina.valves.ErrorReportValve.invoke(ErrorReportValve.java:100)
	at org.apache.catalina.valves.AccessLogValve.invoke(AccessLogValve.java:953)
	at org.apache.catalina.core.StandardEngineValve.invoke(StandardEngineValve.java:118)
	at org.apache.catalina.connector.CoyoteAdapter.service(CoyoteAdapter.java:408)
	at org.apache.coyote.http11.AbstractHttp11Processor.process(AbstractHttp11Processor.java:1041)
	at org.apache.coyote.AbstractProtocol$AbstractConnectionHandler.process(AbstractProtocol.java:603)
	at org.apache.tomcat.util.net.JIoEndpoint$SocketProcessor.run(JIoEndpoint.java:312)
	at java.util.concurrent.ThreadPoolExecutor.runWorker(ThreadPoolExecutor.java:1142)
	at java.util.concurrent.ThreadPoolExecutor$Worker.run(ThreadPoolExecutor.java:617)
	at java.lang.Thread.run(Thread.java:745)
2019-02-05 04:04:45,009 ERROR [org.springframework.extensions.webscripts.AbstractRuntime] [http-bio-8080-exec-7] Exception from executeScript - redirecting to status template error: 01050014 Cannot locate template processor for template org/alfresco/repository/solr/aclChangeSets.get.json
org.springframework.extensions.webscripts.WebScriptException: 01050014 Cannot locate template processor for template org/alfresco/repository/solr/aclChangeSets.get.json
	at org.springframework.extensions.webscripts.AbstractWebScript.renderTemplate(AbstractWebScript.java:975)
	at org.springframework.extensions.webscripts.DeclarativeWebScript.renderFormatTemplate(DeclarativeWebScript.java:267)
	at org.springframework.extensions.webscripts.DeclarativeWebScript.execute(DeclarativeWebScript.java:147)
	at org.alfresco.repo.web.scripts.RepositoryContainer$3.execute(RepositoryContainer.java:512)
	at org.alfresco.repo.transaction.RetryingTransactionHelper.doInTransaction(RetryingTransactionHelper.java:464)
	at org.alfresco.repo.web.scripts.RepositoryContainer.transactionedExecute(RepositoryContainer.java:587)
	at org.alfresco.repo.web.scripts.RepositoryContainer.transactionedExecuteAs(RepositoryContainer.java:656)
	at org.alfresco.repo.web.scripts.RepositoryContainer.executeScriptInternal(RepositoryContainer.java:355)
	at org.alfresco.repo.web.scripts.RepositoryContainer.executeScript(RepositoryContainer.java:308)
	at org.springframework.extensions.webscripts.AbstractRuntime.executeScript(AbstractRuntime.java:382)
	at org.springframework.extensions.webscripts.AbstractRuntime.executeScript(AbstractRuntime.java:210)
	at org.springframework.extensions.webscripts.servlet.WebScriptServlet.service(WebScriptServlet.java:132)
	at javax.servlet.http.HttpServlet.service(HttpServlet.java:728)
	at org.apache.catalina.core.ApplicationFilterChain.internalDoFilter(ApplicationFilterChain.java:305)
	at org.apache.catalina.core.ApplicationFilterChain.doFilter(ApplicationFilterChain.java:210)
	at org.apache.tomcat.websocket.server.WsFilter.doFilter(WsFilter.java:51)
	at org.apache.catalina.core.ApplicationFilterChain.internalDoFilter(ApplicationFilterChain.java:243)
	at org.apache.catalina.core.ApplicationFilterChain.doFilter(ApplicationFilterChain.java:210)
	at org.alfresco.web.scripts.servlet.X509ServletFilterBase.doFilter(X509ServletFilterBase.java:187)
	at org.apache.catalina.core.ApplicationFilterChain.internalDoFilter(ApplicationFilterChain.java:243)
	at org.apache.catalina.core.ApplicationFilterChain.doFilter(ApplicationFilterChain.java:210)
	at org.alfresco.web.app.servlet.GlobalLocalizationFilter.doFilter(GlobalLocalizationFilter.java:68)
	at org.apache.catalina.core.ApplicationFilterChain.internalDoFilter(ApplicationFilterChain.java:243)
	at org.apache.catalina.core.ApplicationFilterChain.doFilter(ApplicationFilterChain.java:210)
	at org.apache.catalina.core.StandardWrapperValve.invoke(StandardWrapperValve.java:222)
	at org.apache.catalina.core.StandardContextValve.invoke(StandardContextValve.java:123)
	at org.apache.catalina.authenticator.AuthenticatorBase.invoke(AuthenticatorBase.java:502)
	at org.apache.catalina.core.StandardHostValve.invoke(StandardHostValve.java:171)
	at org.apache.catalina.valves.ErrorReportValve.invoke(ErrorReportValve.java:100)
	at org.apache.catalina.valves.AccessLogValve.invoke(AccessLogValve.java:953)
	at org.apache.catalina.core.StandardEngineValve.invoke(StandardEngineValve.java:118)
	at org.apache.catalina.connector.CoyoteAdapter.service(CoyoteAdapter.java:408)
	at org.apache.coyote.http11.AbstractHttp11Processor.process(AbstractHttp11Processor.java:1041)
	at org.apache.coyote.AbstractProtocol$AbstractConnectionHandler.process(AbstractProtocol.java:603)
	at org.apache.tomcat.util.net.JIoEndpoint$SocketProcessor.run(JIoEndpoint.java:310)
	at java.util.concurrent.ThreadPoolExecutor.runWorker(ThreadPoolExecutor.java:1142)
	at java.util.concurrent.ThreadPoolExecutor$Worker.run(ThreadPoolExecutor.java:617)
	at java.lang.Thread.run(Thread.java:745)
2019-02-05 04:04:45,010 ERROR [org.springframework.extensions.webscripts.AbstractRuntime] [http-bio-8080-exec-3] Exception from executeScript - redirecting to status template error: 01050016 Cannot locate template processor for template org/alfresco/repository/solr/transactions.get.json
org.springframework.extensions.webscripts.WebScriptException: 01050016 Cannot locate template processor for template org/alfresco/repository/solr/transactions.get.json
	at org.springframework.extensions.webscripts.AbstractWebScript.renderTemplate(AbstractWebScript.java:975)
	at org.springframework.extensions.webscripts.DeclarativeWebScript.renderFormatTemplate(DeclarativeWebScript.java:267)
	at org.springframework.extensions.webscripts.DeclarativeWebScript.execute(DeclarativeWebScript.java:147)
	at org.alfresco.repo.web.scripts.RepositoryContainer$3.execute(RepositoryContainer.java:512)
	at org.alfresco.repo.transaction.RetryingTransactionHelper.doInTransaction(RetryingTransactionHelper.java:464)
	at org.alfresco.repo.web.scripts.RepositoryContainer.transactionedExecute(RepositoryContainer.java:587)
	at org.alfresco.repo.web.scripts.RepositoryContainer.transactionedExecuteAs(RepositoryContainer.java:656)
	at org.alfresco.repo.web.scripts.RepositoryContainer.executeScriptInternal(RepositoryContainer.java:355)
	at org.alfresco.repo.web.scripts.RepositoryContainer.executeScript(RepositoryContainer.java:308)
	at org.springframework.extensions.webscripts.AbstractRuntime.executeScript(AbstractRuntime.java:382)
	at org.springframework.extensions.webscripts.AbstractRuntime.executeScript(AbstractRuntime.java:210)
	at org.springframework.extensions.webscripts.servlet.WebScriptServlet.service(WebScriptServlet.java:132)
	at javax.servlet.http.HttpServlet.service(HttpServlet.java:728)
	at org.apache.catalina.core.ApplicationFilterChain.internalDoFilter(ApplicationFilterChain.java:305)
	at org.apache.catalina.core.ApplicationFilterChain.doFilter(ApplicationFilterChain.java:210)
	at org.apache.tomcat.websocket.server.WsFilter.doFilter(WsFilter.java:51)
	at org.apache.catalina.core.ApplicationFilterChain.internalDoFilter(ApplicationFilterChain.java:243)
	at org.apache.catalina.core.ApplicationFilterChain.doFilter(ApplicationFilterChain.java:210)
	at org.alfresco.web.scripts.servlet.X509ServletFilterBase.doFilter(X509ServletFilterBase.java:187)
	at org.apache.catalina.core.ApplicationFilterChain.internalDoFilter(ApplicationFilterChain.java:243)
	at org.apache.catalina.core.ApplicationFilterChain.doFilter(ApplicationFilterChain.java:210)
	at org.alfresco.web.app.servlet.GlobalLocalizationFilter.doFilter(GlobalLocalizationFilter.java:68)
	at org.apache.catalina.core.ApplicationFilterChain.internalDoFilter(ApplicationFilterChain.java:243)
	at org.apache.catalina.core.ApplicationFilterChain.doFilter(ApplicationFilterChain.java:210)
	at org.apache.catalina.core.StandardWrapperValve.invoke(StandardWrapperValve.java:222)
	at org.apache.catalina.core.StandardContextValve.invoke(StandardContextValve.java:123)
	at org.apache.catalina.authenticator.AuthenticatorBase.invoke(AuthenticatorBase.java:502)
	at org.apache.catalina.core.StandardHostValve.invoke(StandardHostValve.java:171)
	at org.apache.catalina.valves.ErrorReportValve.invoke(ErrorReportValve.java:100)
	at org.apache.catalina.valves.AccessLogValve.invoke(AccessLogValve.java:953)
	at org.apache.catalina.core.StandardEngineValve.invoke(StandardEngineValve.java:118)
	at org.apache.catalina.connector.CoyoteAdapter.service(CoyoteAdapter.java:408)
	at org.apache.coyote.http11.AbstractHttp11Processor.process(AbstractHttp11Processor.java:1041)
	at org.apache.coyote.AbstractProtocol$AbstractConnectionHandler.process(AbstractProtocol.java:603)
	at org.apache.tomcat.util.net.JIoEndpoint$SocketProcessor.run(JIoEndpoint.java:310)
	at java.util.concurrent.ThreadPoolExecutor.runWorker(ThreadPoolExecutor.java:1142)
	at java.util.concurrent.ThreadPoolExecutor$Worker.run(ThreadPoolExecutor.java:617)
	at java.lang.Thread.run(Thread.java:745)
2019-02-05 04:04:45,017 ERROR [org.springframework.extensions.webscripts.AbstractRuntime] [http-bio-8080-exec-23] Exception from executeScript - redirecting to status template error: 01050017 Cannot locate template processor for template org/alfresco/repository/solr/modelsdiff.post.json
org.springframework.extensions.webscripts.WebScriptException: 01050017 Cannot locate template processor for template org/alfresco/repository/solr/modelsdiff.post.json
	at org.springframework.extensions.webscripts.AbstractWebScript.renderTemplate(AbstractWebScript.java:975)
	at org.springframework.extensions.webscripts.DeclarativeWebScript.renderFormatTemplate(DeclarativeWebScript.java:267)
	at org.springframework.extensions.webscripts.DeclarativeWebScript.execute(DeclarativeWebScript.java:147)
	at org.alfresco.repo.web.scripts.RepositoryContainer$3.execute(RepositoryContainer.java:512)
	at org.alfresco.repo.transaction.RetryingTransactionHelper.doInTransaction(RetryingTransactionHelper.java:464)
	at org.alfresco.repo.web.scripts.RepositoryContainer.transactionedExecute(RepositoryContainer.java:587)
	at org.alfresco.repo.web.scripts.RepositoryContainer.transactionedExecuteAs(RepositoryContainer.java:656)
	at org.alfresco.repo.web.scripts.RepositoryContainer.executeScriptInternal(RepositoryContainer.java:355)
	at org.alfresco.repo.web.scripts.RepositoryContainer.executeScript(RepositoryContainer.java:308)
	at org.springframework.extensions.webscripts.AbstractRuntime.executeScript(AbstractRuntime.java:382)
	at org.springframework.extensions.webscripts.AbstractRuntime.executeScript(AbstractRuntime.java:210)
	at org.springframework.extensions.webscripts.servlet.WebScriptServlet.service(WebScriptServlet.java:132)
	at javax.servlet.http.HttpServlet.service(HttpServlet.java:728)
	at org.apache.catalina.core.ApplicationFilterChain.internalDoFilter(ApplicationFilterChain.java:305)
	at org.apache.catalina.core.ApplicationFilterChain.doFilter(ApplicationFilterChain.java:210)
	at org.apache.tomcat.websocket.server.WsFilter.doFilter(WsFilter.java:51)
	at org.apache.catalina.core.ApplicationFilterChain.internalDoFilter(ApplicationFilterChain.java:243)
	at org.apache.catalina.core.ApplicationFilterChain.doFilter(ApplicationFilterChain.java:210)
	at org.alfresco.web.scripts.servlet.X509ServletFilterBase.doFilter(X509ServletFilterBase.java:187)
	at org.apache.catalina.core.ApplicationFilterChain.internalDoFilter(ApplicationFilterChain.java:243)
	at org.apache.catalina.core.ApplicationFilterChain.doFilter(ApplicationFilterChain.java:210)
	at org.alfresco.web.app.servlet.GlobalLocalizationFilter.doFilter(GlobalLocalizationFilter.java:68)
	at org.apache.catalina.core.ApplicationFilterChain.internalDoFilter(ApplicationFilterChain.java:243)
	at org.apache.catalina.core.ApplicationFilterChain.doFilter(ApplicationFilterChain.java:210)
	at org.apache.catalina.core.StandardWrapperValve.invoke(StandardWrapperValve.java:222)
	at org.apache.catalina.core.StandardContextValve.invoke(StandardContextValve.java:123)
	at org.apache.catalina.authenticator.AuthenticatorBase.invoke(AuthenticatorBase.java:502)
	at org.apache.catalina.core.StandardHostValve.invoke(StandardHostValve.java:171)
	at org.apache.catalina.valves.ErrorReportValve.invoke(ErrorReportValve.java:100)
	at org.apache.catalina.valves.AccessLogValve.invoke(AccessLogValve.java:953)
	at org.apache.catalina.core.StandardEngineValve.invoke(StandardEngineValve.java:118)
	at org.apache.catalina.connector.CoyoteAdapter.service(CoyoteAdapter.java:408)
	at org.apache.coyote.http11.AbstractHttp11Processor.process(AbstractHttp11Processor.java:1041)
	at org.apache.coyote.AbstractProtocol$AbstractConnectionHandler.process(AbstractProtocol.java:603)
	at org.apache.tomcat.util.net.JIoEndpoint$SocketProcessor.run(JIoEndpoint.java:310)
	at java.util.concurrent.ThreadPoolExecutor.runWorker(ThreadPoolExecutor.java:1142)
	at java.util.concurrent.ThreadPoolExecutor$Worker.run(ThreadPoolExecutor.java:617)
	at java.lang.Thread.run(Thread.java:745)
2019-02-05 04:04:45,009 ERROR [org.springframework.extensions.webscripts.AbstractRuntime] [http-bio-8080-exec-24] Exception from executeScript - redirecting to status template error: 01050013 Cannot locate template processor for template org/alfresco/repository/solr/aclChangeSets.get.json
org.springframework.extensions.webscripts.WebScriptException: 01050013 Cannot locate template processor for template org/alfresco/repository/solr/aclChangeSets.get.json
	at org.springframework.extensions.webscripts.AbstractWebScript.renderTemplate(AbstractWebScript.java:975)
	at org.springframework.extensions.webscripts.DeclarativeWebScript.renderFormatTemplate(DeclarativeWebScript.java:267)
	at org.springframework.extensions.webscripts.DeclarativeWebScript.execute(DeclarativeWebScript.java:147)
	at org.alfresco.repo.web.scripts.RepositoryContainer$3.execute(RepositoryContainer.java:512)
	at org.alfresco.repo.transaction.RetryingTransactionHelper.doInTransaction(RetryingTransactionHelper.java:464)
	at org.alfresco.repo.web.scripts.RepositoryContainer.transactionedExecute(RepositoryContainer.java:587)
	at org.alfresco.repo.web.scripts.RepositoryContainer.transactionedExecuteAs(RepositoryContainer.java:656)
	at org.alfresco.repo.web.scripts.RepositoryContainer.executeScriptInternal(RepositoryContainer.java:355)
	at org.alfresco.repo.web.scripts.RepositoryContainer.executeScript(RepositoryContainer.java:308)
	at org.springframework.extensions.webscripts.AbstractRuntime.executeScript(AbstractRuntime.java:382)
	at org.springframework.extensions.webscripts.AbstractRuntime.executeScript(AbstractRuntime.java:210)
	at org.springframework.extensions.webscripts.servlet.WebScriptServlet.service(WebScriptServlet.java:132)
	at javax.servlet.http.HttpServlet.service(HttpServlet.java:728)
	at org.apache.catalina.core.ApplicationFilterChain.internalDoFilter(ApplicationFilterChain.java:305)
	at org.apache.catalina.core.ApplicationFilterChain.doFilter(ApplicationFilterChain.java:210)
	at org.apache.tomcat.websocket.server.WsFilter.doFilter(WsFilter.java:51)
	at org.apache.catalina.core.ApplicationFilterChain.internalDoFilter(ApplicationFilterChain.java:243)
	at org.apache.catalina.core.ApplicationFilterChain.doFilter(ApplicationFilterChain.java:210)
	at org.alfresco.web.scripts.servlet.X509ServletFilterBase.doFilter(X509ServletFilterBase.java:187)
	at org.apache.catalina.core.ApplicationFilterChain.internalDoFilter(ApplicationFilterChain.java:243)
	at org.apache.catalina.core.ApplicationFilterChain.doFilter(ApplicationFilterChain.java:210)
	at org.alfresco.web.app.servlet.GlobalLocalizationFilter.doFilter(GlobalLocalizationFilter.java:68)
	at org.apache.catalina.core.ApplicationFilterChain.internalDoFilter(ApplicationFilterChain.java:243)
	at org.apache.catalina.core.ApplicationFilterChain.doFilter(ApplicationFilterChain.java:210)
	at org.apache.catalina.core.StandardWrapperValve.invoke(StandardWrapperValve.java:222)
	at org.apache.catalina.core.StandardContextValve.invoke(StandardContextValve.java:123)
	at org.apache.catalina.authenticator.AuthenticatorBase.invoke(AuthenticatorBase.java:502)
	at org.apache.catalina.core.StandardHostValve.invoke(StandardHostValve.java:171)
	at org.apache.catalina.valves.ErrorReportValve.invoke(ErrorReportValve.java:100)
	at org.apache.catalina.valves.AccessLogValve.invoke(AccessLogValve.java:953)
	at org.apache.catalina.core.StandardEngineValve.invoke(StandardEngineValve.java:118)
	at org.apache.catalina.connector.CoyoteAdapter.service(CoyoteAdapter.java:408)
	at org.apache.coyote.http11.AbstractHttp11Processor.process(AbstractHttp11Processor.java:1041)
	at org.apache.coyote.AbstractProtocol$AbstractConnectionHandler.process(AbstractProtocol.java:603)
	at org.apache.tomcat.util.net.JIoEndpoint$SocketProcessor.run(JIoEndpoint.java:310)
	at java.util.concurrent.ThreadPoolExecutor.runWorker(ThreadPoolExecutor.java:1142)
	at java.util.concurrent.ThreadPoolExecutor$Worker.run(ThreadPoolExecutor.java:617)
	at java.lang.Thread.run(Thread.java:745)
2019-02-05 04:04:45,009 ERROR [org.springframework.extensions.webscripts.AbstractRuntime] [http-bio-8080-exec-5] Exception from executeScript - redirecting to status template error: 01050015 Cannot locate template processor for template org/alfresco/repository/solr/transactions.get.json
org.springframework.extensions.webscripts.WebScriptException: 01050015 Cannot locate template processor for template org/alfresco/repository/solr/transactions.get.json
	at org.springframework.extensions.webscripts.AbstractWebScript.renderTemplate(AbstractWebScript.java:975)
	at org.springframework.extensions.webscripts.DeclarativeWebScript.renderFormatTemplate(DeclarativeWebScript.java:267)
	at org.springframework.extensions.webscripts.DeclarativeWebScript.execute(DeclarativeWebScript.java:147)
	at org.alfresco.repo.web.scripts.RepositoryContainer$3.execute(RepositoryContainer.java:512)
	at org.alfresco.repo.transaction.RetryingTransactionHelper.doInTransaction(RetryingTransactionHelper.java:464)
	at org.alfresco.repo.web.scripts.RepositoryContainer.transactionedExecute(RepositoryContainer.java:587)
	at org.alfresco.repo.web.scripts.RepositoryContainer.transactionedExecuteAs(RepositoryContainer.java:656)
	at org.alfresco.repo.web.scripts.RepositoryContainer.executeScriptInternal(RepositoryContainer.java:355)
	at org.alfresco.repo.web.scripts.RepositoryContainer.executeScript(RepositoryContainer.java:308)
	at org.springframework.extensions.webscripts.AbstractRuntime.executeScript(AbstractRuntime.java:382)
	at org.springframework.extensions.webscripts.AbstractRuntime.executeScript(AbstractRuntime.java:210)
	at org.springframework.extensions.webscripts.servlet.WebScriptServlet.service(WebScriptServlet.java:132)
	at javax.servlet.http.HttpServlet.service(HttpServlet.java:728)
	at org.apache.catalina.core.ApplicationFilterChain.internalDoFilter(ApplicationFilterChain.java:305)
	at org.apache.catalina.core.ApplicationFilterChain.doFilter(ApplicationFilterChain.java:210)
	at org.apache.tomcat.websocket.server.WsFilter.doFilter(WsFilter.java:51)
	at org.apache.catalina.core.ApplicationFilterChain.internalDoFilter(ApplicationFilterChain.java:243)
	at org.apache.catalina.core.ApplicationFilterChain.doFilter(ApplicationFilterChain.java:210)
	at org.alfresco.web.scripts.servlet.X509ServletFilterBase.doFilter(X509ServletFilterBase.java:187)
	at org.apache.catalina.core.ApplicationFilterChain.internalDoFilter(ApplicationFilterChain.java:243)
	at org.apache.catalina.core.ApplicationFilterChain.doFilter(ApplicationFilterChain.java:210)
	at org.alfresco.web.app.servlet.GlobalLocalizationFilter.doFilter(GlobalLocalizationFilter.java:68)
	at org.apache.catalina.core.ApplicationFilterChain.internalDoFilter(ApplicationFilterChain.java:243)
	at org.apache.catalina.core.ApplicationFilterChain.doFilter(ApplicationFilterChain.java:210)
	at org.apache.catalina.core.StandardWrapperValve.invoke(StandardWrapperValve.java:222)
	at org.apache.catalina.core.StandardContextValve.invoke(StandardContextValve.java:123)
	at org.apache.catalina.authenticator.AuthenticatorBase.invoke(AuthenticatorBase.java:502)
	at org.apache.catalina.core.StandardHostValve.invoke(StandardHostValve.java:171)
	at org.apache.catalina.valves.ErrorReportValve.invoke(ErrorReportValve.java:100)
	at org.apache.catalina.valves.AccessLogValve.invoke(AccessLogValve.java:953)
	at org.apache.catalina.core.StandardEngineValve.invoke(StandardEngineValve.java:118)
	at org.apache.catalina.connector.CoyoteAdapter.service(CoyoteAdapter.java:408)
	at org.apache.coyote.http11.AbstractHttp11Processor.process(AbstractHttp11Processor.java:1041)
	at org.apache.coyote.AbstractProtocol$AbstractConnectionHandler.process(AbstractProtocol.java:603)
	at org.apache.tomcat.util.net.JIoEndpoint$SocketProcessor.run(JIoEndpoint.java:310)
	at java.util.concurrent.ThreadPoolExecutor.runWorker(ThreadPoolExecutor.java:1142)
	at java.util.concurrent.ThreadPoolExecutor$Worker.run(ThreadPoolExecutor.java:617)
	at java.lang.Thread.run(Thread.java:745)
